2024-02-01T09:16:29+00:00 CRITICAL Uncaught Error: Call to undefined method Elementor\Frontend::render_widget() in /home/snorkellifts/public_html/wp-content/plugins/insert-headers-and-footers/includes/class-wpcode-snippet-execute.php(287) : eval()'d code:6
Stack trace:
#0 /home/snorkellifts/public_html/wp-includes/class-wp-hook.php(324): display_category_description('')
#1 /home/snorkellifts/public_html/wp-includes/class-wp-hook.php(348): WP_Hook->apply_filters(NULL, Array)
#2 /home/snorkellifts/public_html/wp-includes/plugin.php(517): WP_Hook->do_action(Array)
#3 /home/snorkellifts/public_html/wp-content/plugins/elementor-pro/modules/woocommerce/widgets/archive-description.php(106): do_action('woocommerce_arc...')
#4 /home/snorkellifts/public_html/wp-content/plugins/elementor/includes/base/controls-stack.php(2297): ElementorPro\Modules\Woocommerce\Widgets\Archive_Description->render()
#5 /home/snorkellifts/public_html/wp-content/plugins/elementor/includes/base/widget-base.php(614): Elementor\Controls_Stack->render_by_mode()
#6 /home/snorkellifts/public_html/wp-content/plugins/elementor/includes/base/widget-base.php(755): Elementor\Widget_Base->render_content()
#7 /home/snorkellifts/public_html/wp-content/plugins/elementor/includes/base/element-base.php(464): Elementor\Widget_Base->print_content()
#8 /home/snorkellifts/public_html/wp-content/plugins/elementor/includes/base/element-base.php(1372): Elementor\Element_Base->print_element()
#9 /home/snorkellifts/public_html/wp-content/plugins/elementor/includes/base/element-base.php(464): Elementor\Element_Base->print_content()
#10 /home/snorkellifts/public_html/wp-content/plugins/elementor/includes/base/element-base.php(1372): Elementor\Element_Base->print_element()
#11 /home/snorkellifts/public_html/wp-content/plugins/elementor/includes/base/element-base.php(464): Elementor\Element_Base->print_content()
#12 /home/snorkellifts/public_html/wp-content/plugins/elementor/core/base/document.php(1740): Elementor\Element_Base->print_element()
#13 /home/snorkellifts/public_html/wp-content/plugins/elementor-pro/modules/theme-builder/documents/theme-document.php(418): Elementor\Core\Base\Document->print_elements(Array)
#14 /home/snorkellifts/public_html/wp-content/plugins/elementor/includes/frontend.php(1165): ElementorPro\Modules\ThemeBuilder\Documents\Theme_Document->print_elements_with_wrapper(Array)
#15 /home/snorkellifts/public_html/wp-content/plugins/elementor/core/base/document.php(1184): Elementor\Frontend->get_builder_content(3940, false)
#16 /home/snorkellifts/public_html/wp-content/plugins/elementor/modules/library/documents/library-document.php(76): Elementor\Core\Base\Document->get_content(false)
#17 /home/snorkellifts/public_html/wp-content/plugins/elementor-pro/modules/theme-builder/documents/theme-document.php(158): Elementor\Modules\Library\Documents\Library_Document->get_content(false)
#18 /home/snorkellifts/public_html/wp-content/plugins/elementor-pro/modules/theme-builder/documents/theme-document.php(173): ElementorPro\Modules\ThemeBuilder\Documents\Theme_Document->get_content()
#19 /home/snorkellifts/public_html/wp-content/plugins/elementor-pro/modules/theme-builder/classes/locations-manager.php(364): ElementorPro\Modules\ThemeBuilder\Documents\Theme_Document->print_content()
#20 /home/snorkellifts/public_html/wp-content/plugins/elementor-pro/modules/theme-builder/classes/locations-manager.php(240): ElementorPro\Modules\ThemeBuilder\Classes\Locations_Manager->do_location('archive')
#21 [internal function]: ElementorPro\Modules\ThemeBuilder\Classes\Locations_Manager->ElementorPro\Modules\ThemeBuilder\Classes\{closure}()
#22 /home/snorkellifts/public_html/wp-content/plugins/elementor/modules/page-templates/module.php(207): call_user_func(Object(Closure))
#23 /home/snorkellifts/public_html/wp-content/plugins/elementor/modules/page-templates/templates/header-footer.php(19): Elementor\Modules\PageTemplates\Module->print_content()
#24 /home/snorkellifts/public_html/wp-includes/template-loader.php(106): include('/home/snorkelli...')
#25 /home/snorkellifts/public_html/wp-blog-header.php(19): require_once('/home/snorkelli...')
#26 /home/snorkellifts/public_html/index.php(17): require('/home/snorkelli...')
#27 {main}
  thrown in /home/snorkellifts/public_html/wp-content/plugins/insert-headers-and-footers/includes/class-wpcode-snippet-execute.php(287) : eval()'d code on line 6

2024-02-01T09:16:39+00:00 CRITICAL Uncaught Error: Call to undefined method Elementor\Frontend::render_widget() in /home/snorkellifts/public_html/wp-content/plugins/insert-headers-and-footers/includes/class-wpcode-snippet-execute.php(287) : eval()'d code:6
Stack trace:
#0 /home/snorkellifts/public_html/wp-includes/class-wp-hook.php(324): display_category_description('')
#1 /home/snorkellifts/public_html/wp-includes/class-wp-hook.php(348): WP_Hook->apply_filters(NULL, Array)
#2 /home/snorkellifts/public_html/wp-includes/plugin.php(517): WP_Hook->do_action(Array)
#3 /home/snorkellifts/public_html/wp-content/plugins/elementor-pro/modules/woocommerce/widgets/archive-description.php(106): do_action('woocommerce_arc...')
#4 /home/snorkellifts/public_html/wp-content/plugins/elementor/includes/base/controls-stack.php(2297): ElementorPro\Modules\Woocommerce\Widgets\Archive_Description->render()
#5 /home/snorkellifts/public_html/wp-content/plugins/elementor/includes/base/widget-base.php(614): Elementor\Controls_Stack->render_by_mode()
#6 /home/snorkellifts/public_html/wp-content/plugins/elementor/includes/base/widget-base.php(755): Elementor\Widget_Base->render_content()
#7 /home/snorkellifts/public_html/wp-content/plugins/elementor/includes/base/element-base.php(464): Elementor\Widget_Base->print_content()
#8 /home/snorkellifts/public_html/wp-content/plugins/elementor/includes/base/element-base.php(1372): Elementor\Element_Base->print_element()
#9 /home/snorkellifts/public_html/wp-content/plugins/elementor/includes/base/element-base.php(464): Elementor\Element_Base->print_content()
#10 /home/snorkellifts/public_html/wp-content/plugins/elementor/includes/base/element-base.php(1372): Elementor\Element_Base->print_element()
#11 /home/snorkellifts/public_html/wp-content/plugins/elementor/includes/base/element-base.php(464): Elementor\Element_Base->print_content()
#12 /home/snorkellifts/public_html/wp-content/plugins/elementor/core/base/document.php(1740): Elementor\Element_Base->print_element()
#13 /home/snorkellifts/public_html/wp-content/plugins/elementor-pro/modules/theme-builder/documents/theme-document.php(418): Elementor\Core\Base\Document->print_elements(Array)
#14 /home/snorkellifts/public_html/wp-content/plugins/elementor/includes/frontend.php(1165): ElementorPro\Modules\ThemeBuilder\Documents\Theme_Document->print_elements_with_wrapper(Array)
#15 /home/snorkellifts/public_html/wp-content/plugins/elementor/core/base/document.php(1184): Elementor\Frontend->get_builder_content(3940, false)
#16 /home/snorkellifts/public_html/wp-content/plugins/elementor/modules/library/documents/library-document.php(76): Elementor\Core\Base\Document->get_content(false)
#17 /home/snorkellifts/public_html/wp-content/plugins/elementor-pro/modules/theme-builder/documents/theme-document.php(158): Elementor\Modules\Library\Documents\Library_Document->get_content(false)
#18 /home/snorkellifts/public_html/wp-content/plugins/elementor-pro/modules/theme-builder/documents/theme-document.php(173): ElementorPro\Modules\ThemeBuilder\Documents\Theme_Document->get_content()
#19 /home/snorkellifts/public_html/wp-content/plugins/elementor-pro/modules/theme-builder/classes/locations-manager.php(364): ElementorPro\Modules\ThemeBuilder\Documents\Theme_Document->print_content()
#20 /home/snorkellifts/public_html/wp-content/plugins/elementor-pro/modules/theme-builder/classes/locations-manager.php(240): ElementorPro\Modules\ThemeBuilder\Classes\Locations_Manager->do_location('archive')
#21 [internal function]: ElementorPro\Modules\ThemeBuilder\Classes\Locations_Manager->ElementorPro\Modules\ThemeBuilder\Classes\{closure}()
#22 /home/snorkellifts/public_html/wp-content/plugins/elementor/modules/page-templates/module.php(207): call_user_func(Object(Closure))
#23 /home/snorkellifts/public_html/wp-content/plugins/elementor/modules/page-templates/templates/header-footer.php(19): Elementor\Modules\PageTemplates\Module->print_content()
#24 /home/snorkellifts/public_html/wp-includes/template-loader.php(106): include('/home/snorkelli...')
#25 /home/snorkellifts/public_html/wp-blog-header.php(19): require_once('/home/snorkelli...')
#26 /home/snorkellifts/public_html/index.php(17): require('/home/snorkelli...')
#27 {main}
  thrown in /home/snorkellifts/public_html/wp-content/plugins/insert-headers-and-footers/includes/class-wpcode-snippet-execute.php(287) : eval()'d code on line 6

2024-02-01T09:17:14+00:00 CRITICAL Uncaught Error: Call to undefined method Elementor\Frontend::render_widget() in /home/snorkellifts/public_html/wp-content/plugins/insert-headers-and-footers/includes/class-wpcode-snippet-execute.php(287) : eval()'d code:6
Stack trace:
#0 /home/snorkellifts/public_html/wp-includes/class-wp-hook.php(324): display_category_description('')
#1 /home/snorkellifts/public_html/wp-includes/class-wp-hook.php(348): WP_Hook->apply_filters(NULL, Array)
#2 /home/snorkellifts/public_html/wp-includes/plugin.php(517): WP_Hook->do_action(Array)
#3 /home/snorkellifts/public_html/wp-content/plugins/elementor-pro/modules/woocommerce/widgets/archive-description.php(106): do_action('woocommerce_arc...')
#4 /home/snorkellifts/public_html/wp-content/plugins/elementor/includes/base/controls-stack.php(2297): ElementorPro\Modules\Woocommerce\Widgets\Archive_Description->render()
#5 /home/snorkellifts/public_html/wp-content/plugins/elementor/includes/base/widget-base.php(614): Elementor\Controls_Stack->render_by_mode()
#6 /home/snorkellifts/public_html/wp-content/plugins/elementor/includes/base/widget-base.php(755): Elementor\Widget_Base->render_content()
#7 /home/snorkellifts/public_html/wp-content/plugins/elementor/includes/base/element-base.php(464): Elementor\Widget_Base->print_content()
#8 /home/snorkellifts/public_html/wp-content/plugins/elementor/includes/base/element-base.php(1372): Elementor\Element_Base->print_element()
#9 /home/snorkellifts/public_html/wp-content/plugins/elementor/includes/base/element-base.php(464): Elementor\Element_Base->print_content()
#10 /home/snorkellifts/public_html/wp-content/plugins/elementor/includes/base/element-base.php(1372): Elementor\Element_Base->print_element()
#11 /home/snorkellifts/public_html/wp-content/plugins/elementor/includes/base/element-base.php(464): Elementor\Element_Base->print_content()
#12 /home/snorkellifts/public_html/wp-content/plugins/elementor/core/base/document.php(1740): Elementor\Element_Base->print_element()
#13 /home/snorkellifts/public_html/wp-content/plugins/elementor-pro/modules/theme-builder/documents/theme-document.php(418): Elementor\Core\Base\Document->print_elements(Array)
#14 /home/snorkellifts/public_html/wp-content/plugins/elementor/includes/frontend.php(1165): ElementorPro\Modules\ThemeBuilder\Documents\Theme_Document->print_elements_with_wrapper(Array)
#15 /home/snorkellifts/public_html/wp-content/plugins/elementor/core/base/document.php(1184): Elementor\Frontend->get_builder_content(3940, false)
#16 /home/snorkellifts/public_html/wp-content/plugins/elementor/modules/library/documents/library-document.php(76): Elementor\Core\Base\Document->get_content(false)
#17 /home/snorkellifts/public_html/wp-content/plugins/elementor-pro/modules/theme-builder/documents/theme-document.php(158): Elementor\Modules\Library\Documents\Library_Document->get_content(false)
#18 /home/snorkellifts/public_html/wp-content/plugins/elementor-pro/modules/theme-builder/documents/theme-document.php(173): ElementorPro\Modules\ThemeBuilder\Documents\Theme_Document->get_content()
#19 /home/snorkellifts/public_html/wp-content/plugins/elementor-pro/modules/theme-builder/classes/locations-manager.php(364): ElementorPro\Modules\ThemeBuilder\Documents\Theme_Document->print_content()
#20 /home/snorkellifts/public_html/wp-content/plugins/elementor-pro/modules/theme-builder/classes/locations-manager.php(240): ElementorPro\Modules\ThemeBuilder\Classes\Locations_Manager->do_location('archive')
#21 [internal function]: ElementorPro\Modules\ThemeBuilder\Classes\Locations_Manager->ElementorPro\Modules\ThemeBuilder\Classes\{closure}()
#22 /home/snorkellifts/public_html/wp-content/plugins/elementor/modules/page-templates/module.php(207): call_user_func(Object(Closure))
#23 /home/snorkellifts/public_html/wp-content/plugins/elementor/modules/page-templates/templates/header-footer.php(19): Elementor\Modules\PageTemplates\Module->print_content()
#24 /home/snorkellifts/public_html/wp-includes/template-loader.php(106): include('/home/snorkelli...')
#25 /home/snorkellifts/public_html/wp-blog-header.php(19): require_once('/home/snorkelli...')
#26 /home/snorkellifts/public_html/index.php(17): require('/home/snorkelli...')
#27 {main}
  thrown in /home/snorkellifts/public_html/wp-content/plugins/insert-headers-and-footers/includes/class-wpcode-snippet-execute.php(287) : eval()'d code on line 6

2024-02-01T09:17:21+00:00 CRITICAL Uncaught Error: Call to undefined method Elementor\Frontend::render_widget() in /home/snorkellifts/public_html/wp-content/plugins/insert-headers-and-footers/includes/class-wpcode-snippet-execute.php(287) : eval()'d code:6
Stack trace:
#0 /home/snorkellifts/public_html/wp-includes/class-wp-hook.php(324): display_category_description('')
#1 /home/snorkellifts/public_html/wp-includes/class-wp-hook.php(348): WP_Hook->apply_filters(NULL, Array)
#2 /home/snorkellifts/public_html/wp-includes/plugin.php(517): WP_Hook->do_action(Array)
#3 /home/snorkellifts/public_html/wp-content/plugins/elementor-pro/modules/woocommerce/widgets/archive-description.php(106): do_action('woocommerce_arc...')
#4 /home/snorkellifts/public_html/wp-content/plugins/elementor/includes/base/controls-stack.php(2297): ElementorPro\Modules\Woocommerce\Widgets\Archive_Description->render()
#5 /home/snorkellifts/public_html/wp-content/plugins/elementor/includes/base/widget-base.php(614): Elementor\Controls_Stack->render_by_mode()
#6 /home/snorkellifts/public_html/wp-content/plugins/elementor/includes/base/widget-base.php(755): Elementor\Widget_Base->render_content()
#7 /home/snorkellifts/public_html/wp-content/plugins/elementor/includes/base/element-base.php(464): Elementor\Widget_Base->print_content()
#8 /home/snorkellifts/public_html/wp-content/plugins/elementor/includes/base/element-base.php(1372): Elementor\Element_Base->print_element()
#9 /home/snorkellifts/public_html/wp-content/plugins/elementor/includes/base/element-base.php(464): Elementor\Element_Base->print_content()
#10 /home/snorkellifts/public_html/wp-content/plugins/elementor/includes/base/element-base.php(1372): Elementor\Element_Base->print_element()
#11 /home/snorkellifts/public_html/wp-content/plugins/elementor/includes/base/element-base.php(464): Elementor\Element_Base->print_content()
#12 /home/snorkellifts/public_html/wp-content/plugins/elementor/core/base/document.php(1740): Elementor\Element_Base->print_element()
#13 /home/snorkellifts/public_html/wp-content/plugins/elementor-pro/modules/theme-builder/documents/theme-document.php(418): Elementor\Core\Base\Document->print_elements(Array)
#14 /home/snorkellifts/public_html/wp-content/plugins/elementor/includes/frontend.php(1165): ElementorPro\Modules\ThemeBuilder\Documents\Theme_Document->print_elements_with_wrapper(Array)
#15 /home/snorkellifts/public_html/wp-content/plugins/elementor/core/base/document.php(1184): Elementor\Frontend->get_builder_content(3940, false)
#16 /home/snorkellifts/public_html/wp-content/plugins/elementor/modules/library/documents/library-document.php(76): Elementor\Core\Base\Document->get_content(false)
#17 /home/snorkellifts/public_html/wp-content/plugins/elementor-pro/modules/theme-builder/documents/theme-document.php(158): Elementor\Modules\Library\Documents\Library_Document->get_content(false)
#18 /home/snorkellifts/public_html/wp-content/plugins/elementor-pro/modules/theme-builder/documents/theme-document.php(173): ElementorPro\Modules\ThemeBuilder\Documents\Theme_Document->get_content()
#19 /home/snorkellifts/public_html/wp-content/plugins/elementor-pro/modules/theme-builder/classes/locations-manager.php(364): ElementorPro\Modules\ThemeBuilder\Documents\Theme_Document->print_content()
#20 /home/snorkellifts/public_html/wp-content/plugins/elementor-pro/modules/theme-builder/classes/locations-manager.php(240): ElementorPro\Modules\ThemeBuilder\Classes\Locations_Manager->do_location('archive')
#21 [internal function]: ElementorPro\Modules\ThemeBuilder\Classes\Locations_Manager->ElementorPro\Modules\ThemeBuilder\Classes\{closure}()
#22 /home/snorkellifts/public_html/wp-content/plugins/elementor/modules/page-templates/module.php(207): call_user_func(Object(Closure))
#23 /home/snorkellifts/public_html/wp-content/plugins/elementor/modules/page-templates/templates/header-footer.php(19): Elementor\Modules\PageTemplates\Module->print_content()
#24 /home/snorkellifts/public_html/wp-includes/template-loader.php(106): include('/home/snorkelli...')
#25 /home/snorkellifts/public_html/wp-blog-header.php(19): require_once('/home/snorkelli...')
#26 /home/snorkellifts/public_html/index.php(17): require('/home/snorkelli...')
#27 {main}
  thrown in /home/snorkellifts/public_html/wp-content/plugins/insert-headers-and-footers/includes/class-wpcode-snippet-execute.php(287) : eval()'d code on line 6

