2024-02-14T05:40:56+00:00 CRITICAL Uncaught TypeError: call_user_func_array(): Argument #1 ($callback) must be a valid callback, function "theme_get_catalog_ordering_args" not found or invalid function name in /home/snorkellifts/public_html/wp-includes/class-wp-hook.php:326
Stack trace:
#0 /home/snorkellifts/public_html/wp-includes/plugin.php(205): WP_Hook->apply_filters(Array, Array)
#1 /home/snorkellifts/public_html/wp-content/plugins/woocommerce/includes/class-wc-query.php(649): apply_filters('woocommerce_get...', Array, 'date', 'DESC')
#2 /home/snorkellifts/public_html/wp-content/plugins/elementor-pro/modules/woocommerce/classes/products-renderer.php(67): WC_Query->get_catalog_ordering_args('date', 'DESC')
#3 /home/snorkellifts/public_html/wp-content/plugins/elementor-pro/modules/woocommerce/classes/products-renderer.php(27): ElementorPro\Modules\Woocommerce\Classes\Products_Renderer->parse_query_args()
#4 /home/snorkellifts/public_html/wp-content/plugins/elementor-pro/modules/woocommerce/widgets/products.php(329): ElementorPro\Modules\Woocommerce\Classes\Products_Renderer->__construct(Array, 'products')
#5 /home/snorkellifts/public_html/wp-content/plugins/elementor-pro/modules/woocommerce/module.php(1513): ElementorPro\Modules\Woocommerce\Widgets\Products::get_shortcode_object(Array)
#6 /home/snorkellifts/public_html/wp-content/plugins/elementor-pro/modules/woocommerce/module.php(1496): ElementorPro\Modules\Woocommerce\Module->parse_loop_query_args(Object(ElementorPro\Modules\LoopBuilder\Widgets\Loop_Carousel), Array)
#7 /home/snorkellifts/public_html/wp-content/plugins/elementor-pro/modules/woocommerce/module.php(1447): ElementorPro\Modules\Woocommerce\Module->loop_query(Array, Object(ElementorPro\Modules\LoopBuilder\Widgets\Loop_Carousel))
#8 /home/snorkellifts/public_html/wp-includes/class-wp-hook.php(324): ElementorPro\Modules\Woocommerce\Module->ElementorPro\Modules\Woocommerce\{closure}(Array, Object(ElementorPro\Modules\LoopBuilder\Widgets\Loop_Carousel))
#9 /home/snorkellifts/public_html/wp-includes/plugin.php(205): WP_Hook->apply_filters(Array, Array)
#10 /home/snorkellifts/public_html/wp-content/plugins/elementor-pro/modules/query-control/classes/elementor-post-query.php(154): apply_filters('elementor/query...', Array, Object(ElementorPro\Modules\LoopBuilder\Widgets\Loop_Carousel))
#11 /home/snorkellifts/public_html/wp-content/plugins/elementor-pro/modules/query-control/classes/elementor-post-query.php(49): ElementorPro\Modules\QueryControl\Classes\Elementor_Post_Query->get_query_args()
#12 /home/snorkellifts/public_html/wp-content/plugins/elementor-pro/modules/query-control/module.php(959): ElementorPro\Modules\QueryControl\Classes\Elementor_Post_Query->get_query()
#13 /home/snorkellifts/public_html/wp-content/plugins/elementor-pro/modules/posts/widgets/posts.php(73): ElementorPro\Modules\QueryControl\Module->get_query(Object(ElementorPro\Modules\LoopBuilder\Widgets\Loop_Carousel), 'product_query', Array, Array)
#14 /home/snorkellifts/public_html/wp-content/plugins/elementor-pro/modules/loop-builder/widgets/base.php(57): ElementorPro\Modules\Posts\Widgets\Posts->query_posts()
#15 /home/snorkellifts/public_html/wp-content/plugins/elementor-pro/modules/posts/skins/skin-base.php(856): ElementorPro\Modules\LoopBuilder\Widgets\Base->query_posts()
#16 /home/snorkellifts/public_html/wp-content/plugins/elementor-pro/modules/loop-builder/skins/skin-loop-base.php(90): ElementorPro\Modules\Posts\Skins\Skin_Base->render()
#17 /home/snorkellifts/public_html/wp-content/plugins/elementor-pro/modules/woocommerce/skins/skin-loop-product.php(36): ElementorPro\Modules\LoopBuilder\Skins\Skin_Loop_Base->render()
#18 /home/snorkellifts/public_html/wp-content/plugins/elementor/includes/base/skin-base.php(79): ElementorPro\Modules\WooCommerce\Skins\Skin_Loop_Product->render()
#19 /home/snorkellifts/public_html/wp-content/plugins/elementor/includes/base/widget-base.php(612): Elementor\Skin_Base->render_by_mode()
#20 /home/snorkellifts/public_html/wp-content/plugins/elementor/includes/base/widget-base.php(755): Elementor\Widget_Base->render_content()
#21 /home/snorkellifts/public_html/wp-content/plugins/elementor/includes/base/element-base.php(464): Elementor\Widget_Base->print_content()
#22 /home/snorkellifts/public_html/wp-content/plugins/elementor/includes/base/element-base.php(1372): Elementor\Element_Base->print_element()
#23 /home/snorkellifts/public_html/wp-content/plugins/elementor/includes/base/element-base.php(464): Elementor\Element_Base->print_content()
#24 /home/snorkellifts/public_html/wp-content/plugins/elementor/includes/base/element-base.php(1372): Elementor\Element_Base->print_element()
#25 /home/snorkellifts/public_html/wp-content/plugins/elementor/includes/base/element-base.php(464): Elementor\Element_Base->print_content()
#26 /home/snorkellifts/public_html/wp-content/plugins/elementor/core/base/document.php(1740): Elementor\Element_Base->print_element()
#27 /home/snorkellifts/public_html/wp-content/plugins/elementor-pro/modules/theme-builder/documents/theme-document.php(418): Elementor\Core\Base\Document->print_elements(Array)
#28 /home/snorkellifts/public_html/wp-content/plugins/elementor/includes/frontend.php(1165): ElementorPro\Modules\ThemeBuilder\Documents\Theme_Document->print_elements_with_wrapper(Array)
#29 /home/snorkellifts/public_html/wp-content/plugins/elementor/core/base/document.php(1184): Elementor\Frontend->get_builder_content(3666, false)
#30 /home/snorkellifts/public_html/wp-content/plugins/elementor/modules/library/documents/library-document.php(76): Elementor\Core\Base\Document->get_content(false)
#31 /home/snorkellifts/public_html/wp-content/plugins/elementor-pro/modules/theme-builder/documents/theme-document.php(158): Elementor\Modules\Library\Documents\Library_Document->get_content(false)
#32 /home/snorkellifts/public_html/wp-content/plugins/elementor-pro/modules/theme-builder/documents/theme-document.php(173): ElementorPro\Modules\ThemeBuilder\Documents\Theme_Document->get_content()
#33 /home/snorkellifts/public_html/wp-content/plugins/elementor-pro/modules/theme-builder/documents/single-base.php(93): ElementorPro\Modules\ThemeBuilder\Documents\Theme_Document->print_content()
#34 /home/snorkellifts/public_html/wp-content/plugins/elementor-pro/modules/woocommerce/documents/product.php(133): ElementorPro\Modules\ThemeBuilder\Documents\Single_Base->print_content()
#35 /home/snorkellifts/public_html/wp-content/plugins/elementor-pro/modules/theme-builder/classes/locations-manager.php(364): ElementorPro\Modules\Woocommerce\Documents\Product->print_content()
#36 /home/snorkellifts/public_html/wp-content/plugins/elementor-pro/modules/theme-builder/classes/locations-manager.php(240): ElementorPro\Modules\ThemeBuilder\Classes\Locations_Manager->do_location('single')
#37 [internal function]: ElementorPro\Modules\ThemeBuilder\Classes\Locations_Manager->ElementorPro\Modules\ThemeBuilder\Classes\{closure}()
#38 /home/snorkellifts/public_html/wp-content/plugins/elementor/modules/page-templates/module.php(207): call_user_func(Object(Closure))
#39 /home/snorkellifts/public_html/wp-content/plugins/elementor/modules/page-templates/templates/header-footer.php(19): Elementor\Modules\PageTemplates\Module->print_content()
#40 /home/snorkellifts/public_html/wp-includes/template-loader.php(106): include('/home/snorkelli...')
#41 /home/snorkellifts/public_html/wp-blog-header.php(19): require_once('/home/snorkelli...')
#42 /home/snorkellifts/public_html/index.php(17): require('/home/snorkelli...')
#43 {main}
  thrown in /home/snorkellifts/public_html/wp-includes/class-wp-hook.php on line 326

2024-02-14T05:40:57+00:00 CRITICAL Uncaught TypeError: call_user_func_array(): Argument #1 ($callback) must be a valid callback, function "theme_get_catalog_ordering_args" not found or invalid function name in /home/snorkellifts/public_html/wp-includes/class-wp-hook.php:326
Stack trace:
#0 /home/snorkellifts/public_html/wp-includes/plugin.php(205): WP_Hook->apply_filters(Array, Array)
#1 /home/snorkellifts/public_html/wp-content/plugins/woocommerce/includes/class-wc-query.php(649): apply_filters('woocommerce_get...', Array, 'menu_order', '')
#2 /home/snorkellifts/public_html/wp-content/plugins/woocommerce/includes/class-wc-query.php(520): WC_Query->get_catalog_ordering_args()
#3 /home/snorkellifts/public_html/wp-content/plugins/woocommerce/includes/class-wc-query.php(422): WC_Query->product_query(Object(WP_Query))
#4 /home/snorkellifts/public_html/wp-includes/class-wp-hook.php(324): WC_Query->pre_get_posts(Object(WP_Query))
#5 /home/snorkellifts/public_html/wp-includes/class-wp-hook.php(348): WP_Hook->apply_filters(NULL, Array)
#6 /home/snorkellifts/public_html/wp-includes/plugin.php(565): WP_Hook->do_action(Array)
#7 /home/snorkellifts/public_html/wp-includes/class-wp-query.php(1881): do_action_ref_array('pre_get_posts', Array)
#8 /home/snorkellifts/public_html/wp-includes/class-wp-query.php(3824): WP_Query->get_posts()
#9 /home/snorkellifts/public_html/wp-includes/class-wp.php(696): WP_Query->query(Array)
#10 /home/snorkellifts/public_html/wp-includes/class-wp.php(816): WP->query_posts()
#11 /home/snorkellifts/public_html/wp-includes/functions.php(1336): WP->main('')
#12 /home/snorkellifts/public_html/wp-blog-header.php(16): wp()
#13 /home/snorkellifts/public_html/index.php(17): require('/home/snorkelli...')
#14 {main}
  thrown in /home/snorkellifts/public_html/wp-includes/class-wp-hook.php on line 326

2024-02-14T11:10:13+00:00 CRITICAL Uncaught TypeError: in_array(): Argument #2 ($haystack) must be of type array, WP_Error given in /home/snorkellifts/public_html/wp-content/plugins/snorkellifts-plugin/snorkellifts-plugin.php:111
Stack trace:
#0 /home/snorkellifts/public_html/wp-content/plugins/snorkellifts-plugin/snorkellifts-plugin.php(111): in_array('A38E', Object(WP_Error))
#1 /home/snorkellifts/public_html/wp-includes/shortcodes.php(433): srx_snk_products_by_accessory_package(Array, '', 'srx_snk_product...')
#2 [internal function]: do_shortcode_tag(Array)
#3 /home/snorkellifts/public_html/wp-includes/shortcodes.php(273): preg_replace_callback('/\\[(\\[?)(srx_sn...', 'do_shortcode_ta...', '[srx_snk_produc...')
#4 /home/snorkellifts/public_html/wp-content/plugins/elementor/includes/widgets/shortcode.php(133): do_shortcode('[srx_snk_produc...')
#5 /home/snorkellifts/public_html/wp-content/plugins/elementor/includes/base/controls-stack.php(2297): Elementor\Widget_Shortcode->render()
#6 /home/snorkellifts/public_html/wp-content/plugins/elementor/includes/base/widget-base.php(614): Elementor\Controls_Stack->render_by_mode()
#7 /home/snorkellifts/public_html/wp-content/plugins/elementor/core/base/document.php(328): Elementor\Widget_Base->render_content()
#8 /home/snorkellifts/public_html/wp-content/plugins/elementor-pro/modules/theme-builder/documents/theme-document.php(456): Elementor\Core\Base\Document->render_element(Array)
#9 /home/snorkellifts/public_html/wp-content/plugins/elementor/includes/managers/widgets.php(459): ElementorPro\Modules\ThemeBuilder\Documents\Theme_Document->render_element(Array)
#10 [internal function]: Elementor\Widgets_Manager->ajax_render_widget(Array, Object(Elementor\Core\Common\Modules\Ajax\Module))
#11 /home/snorkellifts/public_html/wp-content/plugins/elementor/core/common/modules/ajax/module.php(176): call_user_func(Array, Array, Object(Elementor\Core\Common\Modules\Ajax\Module))
#12 /home/snorkellifts/public_html/wp-includes/class-wp-hook.php(324): Elementor\Core\Common\Modules\Ajax\Module->handle_ajax_request('')
#13 /home/snorkellifts/public_html/wp-includes/class-wp-hook.php(348): WP_Hook->apply_filters('', Array)
#14 /home/snorkellifts/public_html/wp-includes/plugin.php(517): WP_Hook->do_action(Array)
#15 /home/snorkellifts/public_html/wp-admin/admin-ajax.php(188): do_action('wp_ajax_element...')
#16 {main}
  thrown in /home/snorkellifts/public_html/wp-content/plugins/snorkellifts-plugin/snorkellifts-plugin.php on line 111

2024-02-14T11:10:15+00:00 CRITICAL Uncaught TypeError: in_array(): Argument #2 ($haystack) must be of type array, WP_Error given in /home/snorkellifts/public_html/wp-content/plugins/snorkellifts-plugin/snorkellifts-plugin.php:111
Stack trace:
#0 /home/snorkellifts/public_html/wp-content/plugins/snorkellifts-plugin/snorkellifts-plugin.php(111): in_array('A38E', Object(WP_Error))
#1 /home/snorkellifts/public_html/wp-includes/shortcodes.php(433): srx_snk_products_by_accessory_package(Array, '', 'srx_snk_product...')
#2 [internal function]: do_shortcode_tag(Array)
#3 /home/snorkellifts/public_html/wp-includes/shortcodes.php(273): preg_replace_callback('/\\[(\\[?)(srx_sn...', 'do_shortcode_ta...', '[srx_snk_produc...')
#4 /home/snorkellifts/public_html/wp-content/plugins/elementor/includes/widgets/shortcode.php(133): do_shortcode('[srx_snk_produc...')
#5 /home/snorkellifts/public_html/wp-content/plugins/elementor/includes/base/controls-stack.php(2297): Elementor\Widget_Shortcode->render()
#6 /home/snorkellifts/public_html/wp-content/plugins/elementor/includes/base/widget-base.php(614): Elementor\Controls_Stack->render_by_mode()
#7 /home/snorkellifts/public_html/wp-content/plugins/elementor/core/base/document.php(328): Elementor\Widget_Base->render_content()
#8 /home/snorkellifts/public_html/wp-content/plugins/elementor-pro/modules/theme-builder/documents/theme-document.php(456): Elementor\Core\Base\Document->render_element(Array)
#9 /home/snorkellifts/public_html/wp-content/plugins/elementor/includes/managers/widgets.php(459): ElementorPro\Modules\ThemeBuilder\Documents\Theme_Document->render_element(Array)
#10 [internal function]: Elementor\Widgets_Manager->ajax_render_widget(Array, Object(Elementor\Core\Common\Modules\Ajax\Module))
#11 /home/snorkellifts/public_html/wp-content/plugins/elementor/core/common/modules/ajax/module.php(176): call_user_func(Array, Array, Object(Elementor\Core\Common\Modules\Ajax\Module))
#12 /home/snorkellifts/public_html/wp-includes/class-wp-hook.php(324): Elementor\Core\Common\Modules\Ajax\Module->handle_ajax_request('')
#13 /home/snorkellifts/public_html/wp-includes/class-wp-hook.php(348): WP_Hook->apply_filters('', Array)
#14 /home/snorkellifts/public_html/wp-includes/plugin.php(517): WP_Hook->do_action(Array)
#15 /home/snorkellifts/public_html/wp-admin/admin-ajax.php(188): do_action('wp_ajax_element...')
#16 {main}
  thrown in /home/snorkellifts/public_html/wp-content/plugins/snorkellifts-plugin/snorkellifts-plugin.php on line 111

2024-02-14T11:10:16+00:00 CRITICAL Uncaught TypeError: in_array(): Argument #2 ($haystack) must be of type array, WP_Error given in /home/snorkellifts/public_html/wp-content/plugins/snorkellifts-plugin/snorkellifts-plugin.php:111
Stack trace:
#0 /home/snorkellifts/public_html/wp-content/plugins/snorkellifts-plugin/snorkellifts-plugin.php(111): in_array('A38E', Object(WP_Error))
#1 /home/snorkellifts/public_html/wp-includes/shortcodes.php(433): srx_snk_products_by_accessory_package(Array, '', 'srx_snk_product...')
#2 [internal function]: do_shortcode_tag(Array)
#3 /home/snorkellifts/public_html/wp-includes/shortcodes.php(273): preg_replace_callback('/\\[(\\[?)(srx_sn...', 'do_shortcode_ta...', '[srx_snk_produc...')
#4 /home/snorkellifts/public_html/wp-content/plugins/elementor/includes/widgets/shortcode.php(133): do_shortcode('[srx_snk_produc...')
#5 /home/snorkellifts/public_html/wp-content/plugins/elementor/includes/base/controls-stack.php(2297): Elementor\Widget_Shortcode->render()
#6 /home/snorkellifts/public_html/wp-content/plugins/elementor/includes/base/widget-base.php(614): Elementor\Controls_Stack->render_by_mode()
#7 /home/snorkellifts/public_html/wp-content/plugins/elementor/core/base/document.php(328): Elementor\Widget_Base->render_content()
#8 /home/snorkellifts/public_html/wp-content/plugins/elementor-pro/modules/theme-builder/documents/theme-document.php(456): Elementor\Core\Base\Document->render_element(Array)
#9 /home/snorkellifts/public_html/wp-content/plugins/elementor/includes/managers/widgets.php(459): ElementorPro\Modules\ThemeBuilder\Documents\Theme_Document->render_element(Array)
#10 [internal function]: Elementor\Widgets_Manager->ajax_render_widget(Array, Object(Elementor\Core\Common\Modules\Ajax\Module))
#11 /home/snorkellifts/public_html/wp-content/plugins/elementor/core/common/modules/ajax/module.php(176): call_user_func(Array, Array, Object(Elementor\Core\Common\Modules\Ajax\Module))
#12 /home/snorkellifts/public_html/wp-includes/class-wp-hook.php(324): Elementor\Core\Common\Modules\Ajax\Module->handle_ajax_request('')
#13 /home/snorkellifts/public_html/wp-includes/class-wp-hook.php(348): WP_Hook->apply_filters('', Array)
#14 /home/snorkellifts/public_html/wp-includes/plugin.php(517): WP_Hook->do_action(Array)
#15 /home/snorkellifts/public_html/wp-admin/admin-ajax.php(188): do_action('wp_ajax_element...')
#16 {main}
  thrown in /home/snorkellifts/public_html/wp-content/plugins/snorkellifts-plugin/snorkellifts-plugin.php on line 111

2024-02-14T11:10:21+00:00 CRITICAL Uncaught TypeError: in_array(): Argument #2 ($haystack) must be of type array, WP_Error given in /home/snorkellifts/public_html/wp-content/plugins/snorkellifts-plugin/snorkellifts-plugin.php:111
Stack trace:
#0 /home/snorkellifts/public_html/wp-content/plugins/snorkellifts-plugin/snorkellifts-plugin.php(111): in_array('A38E', Object(WP_Error))
#1 /home/snorkellifts/public_html/wp-includes/shortcodes.php(433): srx_snk_products_by_accessory_package(Array, '', 'srx_snk_product...')
#2 [internal function]: do_shortcode_tag(Array)
#3 /home/snorkellifts/public_html/wp-includes/shortcodes.php(273): preg_replace_callback('/\\[(\\[?)(srx_sn...', 'do_shortcode_ta...', '[srx_snk_produc...')
#4 /home/snorkellifts/public_html/wp-content/plugins/elementor/includes/widgets/shortcode.php(133): do_shortcode('[srx_snk_produc...')
#5 /home/snorkellifts/public_html/wp-content/plugins/elementor/includes/base/controls-stack.php(2297): Elementor\Widget_Shortcode->render()
#6 /home/snorkellifts/public_html/wp-content/plugins/elementor/includes/base/widget-base.php(614): Elementor\Controls_Stack->render_by_mode()
#7 /home/snorkellifts/public_html/wp-content/plugins/elementor/includes/base/widget-base.php(755): Elementor\Widget_Base->render_content()
#8 /home/snorkellifts/public_html/wp-content/plugins/elementor/includes/base/element-base.php(464): Elementor\Widget_Base->print_content()
#9 /home/snorkellifts/public_html/wp-content/plugins/elementor/includes/base/element-base.php(1372): Elementor\Element_Base->print_element()
#10 /home/snorkellifts/public_html/wp-content/plugins/elementor/includes/base/element-base.php(464): Elementor\Element_Base->print_content()
#11 /home/snorkellifts/public_html/wp-content/plugins/elementor/includes/base/element-base.php(1372): Elementor\Element_Base->print_element()
#12 /home/snorkellifts/public_html/wp-content/plugins/elementor/includes/base/element-base.php(464): Elementor\Element_Base->print_content()
#13 /home/snorkellifts/public_html/wp-content/plugins/elementor/modules/nested-accordion/widgets/nested-accordion.php(887): Elementor\Element_Base->print_element()
#14 /home/snorkellifts/public_html/wp-content/plugins/elementor/modules/nested-accordion/widgets/nested-accordion.php(827): Elementor\Modules\NestedAccordion\Widgets\Nested_Accordion->print_child(5, 'assessories')
#15 /home/snorkellifts/public_html/wp-content/plugins/elementor/includes/base/controls-stack.php(2297): Elementor\Modules\NestedAccordion\Widgets\Nested_Accordion->render()
#16 /home/snorkellifts/public_html/wp-content/plugins/elementor/includes/base/widget-base.php(614): Elementor\Controls_Stack->render_by_mode()
#17 /home/snorkellifts/public_html/wp-content/plugins/elementor/includes/base/widget-base.php(678): Elementor\Widget_Base->render_content()
#18 /home/snorkellifts/public_html/wp-content/plugins/elementor/includes/db.php(202): Elementor\Widget_Base->render_plain_content()
#19 /home/snorkellifts/public_html/wp-content/plugins/elementor/includes/db.php(208): Elementor\DB->render_element_plain_content(Array)
#20 /home/snorkellifts/public_html/wp-content/plugins/elementor/includes/db.php(208): Elementor\DB->render_element_plain_content(Array)
#21 /home/snorkellifts/public_html/wp-content/plugins/elementor/includes/db.php(558): Elementor\DB->render_element_plain_content(Array)
#22 /home/snorkellifts/public_html/wp-content/plugins/elementor/includes/db.php(539): Elementor\DB->get_plain_text_from_data(Array)
#23 /home/snorkellifts/public_html/wp-content/plugins/elementor/includes/db.php(230): Elementor\DB->get_plain_text(10804)
#24 /home/snorkellifts/public_html/wp-content/plugins/elementor/core/base/document.php(1301): Elementor\DB->save_plain_text(10804)
#25 /home/snorkellifts/public_html/wp-content/plugins/elementor/core/base/document.php(797): Elementor\Core\Base\Document->save_elements(Array)
#26 /home/snorkellifts/public_html/wp-content/plugins/elementor/core/documents-manager.php(545): Elementor\Core\Base\Document->save(Array)
#27 [internal function]: Elementor\Core\Documents_Manager->ajax_save(Array, Object(Elementor\Core\Common\Modules\Ajax\Module))
#28 /home/snorkellifts/public_html/wp-content/plugins/elementor/core/common/modules/ajax/module.php(176): call_user_func(Array, Array, Object(Elementor\Core\Common\Modules\Ajax\Module))
#29 /home/snorkellifts/public_html/wp-includes/class-wp-hook.php(324): Elementor\Core\Common\Modules\Ajax\Module->handle_ajax_request('')
#30 /home/snorkellifts/public_html/wp-includes/class-wp-hook.php(348): WP_Hook->apply_filters('', Array)
#31 /home/snorkellifts/public_html/wp-includes/plugin.php(517): WP_Hook->do_action(Array)
#32 /home/snorkellifts/public_html/wp-admin/admin-ajax.php(188): do_action('wp_ajax_element...')
#33 {main}
  thrown in /home/snorkellifts/public_html/wp-content/plugins/snorkellifts-plugin/snorkellifts-plugin.php on line 111

2024-02-14T11:10:27+00:00 CRITICAL Uncaught TypeError: in_array(): Argument #2 ($haystack) must be of type array, WP_Error given in /home/snorkellifts/public_html/wp-content/plugins/snorkellifts-plugin/snorkellifts-plugin.php:111
Stack trace:
#0 /home/snorkellifts/public_html/wp-content/plugins/snorkellifts-plugin/snorkellifts-plugin.php(111): in_array('A46JRT', Object(WP_Error))
#1 /home/snorkellifts/public_html/wp-includes/shortcodes.php(433): srx_snk_products_by_accessory_package(Array, '', 'srx_snk_product...')
#2 [internal function]: do_shortcode_tag(Array)
#3 /home/snorkellifts/public_html/wp-includes/shortcodes.php(273): preg_replace_callback('/\\[(\\[?)(srx_sn...', 'do_shortcode_ta...', '[srx_snk_produc...')
#4 /home/snorkellifts/public_html/wp-content/plugins/elementor/includes/widgets/shortcode.php(133): do_shortcode('[srx_snk_produc...')
#5 /home/snorkellifts/public_html/wp-content/plugins/elementor/includes/base/controls-stack.php(2297): Elementor\Widget_Shortcode->render()
#6 /home/snorkellifts/public_html/wp-content/plugins/elementor/includes/base/widget-base.php(614): Elementor\Controls_Stack->render_by_mode()
#7 /home/snorkellifts/public_html/wp-content/plugins/elementor/includes/base/widget-base.php(755): Elementor\Widget_Base->render_content()
#8 /home/snorkellifts/public_html/wp-content/plugins/elementor/includes/base/element-base.php(464): Elementor\Widget_Base->print_content()
#9 /home/snorkellifts/public_html/wp-content/plugins/elementor/includes/base/element-base.php(1372): Elementor\Element_Base->print_element()
#10 /home/snorkellifts/public_html/wp-content/plugins/elementor/includes/base/element-base.php(464): Elementor\Element_Base->print_content()
#11 /home/snorkellifts/public_html/wp-content/plugins/elementor/includes/base/element-base.php(1372): Elementor\Element_Base->print_element()
#12 /home/snorkellifts/public_html/wp-content/plugins/elementor/includes/base/element-base.php(464): Elementor\Element_Base->print_content()
#13 /home/snorkellifts/public_html/wp-content/plugins/elementor/modules/nested-accordion/widgets/nested-accordion.php(887): Elementor\Element_Base->print_element()
#14 /home/snorkellifts/public_html/wp-content/plugins/elementor/modules/nested-accordion/widgets/nested-accordion.php(827): Elementor\Modules\NestedAccordion\Widgets\Nested_Accordion->print_child(5, 'assessories')
#15 /home/snorkellifts/public_html/wp-content/plugins/elementor/includes/base/controls-stack.php(2297): Elementor\Modules\NestedAccordion\Widgets\Nested_Accordion->render()
#16 /home/snorkellifts/public_html/wp-content/plugins/elementor/includes/base/widget-base.php(614): Elementor\Controls_Stack->render_by_mode()
#17 /home/snorkellifts/public_html/wp-content/plugins/elementor/includes/base/widget-base.php(755): Elementor\Widget_Base->render_content()
#18 /home/snorkellifts/public_html/wp-content/plugins/elementor/includes/base/element-base.php(464): Elementor\Widget_Base->print_content()
#19 /home/snorkellifts/public_html/wp-content/plugins/elementor/includes/base/element-base.php(1372): Elementor\Element_Base->print_element()
#20 /home/snorkellifts/public_html/wp-content/plugins/elementor/includes/base/element-base.php(464): Elementor\Element_Base->print_content()
#21 /home/snorkellifts/public_html/wp-content/plugins/elementor/includes/base/element-base.php(1372): Elementor\Element_Base->print_element()
#22 /home/snorkellifts/public_html/wp-content/plugins/elementor/includes/base/element-base.php(464): Elementor\Element_Base->print_content()
#23 /home/snorkellifts/public_html/wp-content/plugins/elementor/core/base/document.php(1740): Elementor\Element_Base->print_element()
#24 /home/snorkellifts/public_html/wp-content/plugins/elementor-pro/modules/theme-builder/documents/theme-document.php(418): Elementor\Core\Base\Document->print_elements(Array)
#25 /home/snorkellifts/public_html/wp-content/plugins/elementor/includes/frontend.php(1165): ElementorPro\Modules\ThemeBuilder\Documents\Theme_Document->print_elements_with_wrapper(Array)
#26 /home/snorkellifts/public_html/wp-content/plugins/elementor/core/base/document.php(1184): Elementor\Frontend->get_builder_content(10804, false)
#27 /home/snorkellifts/public_html/wp-content/plugins/elementor/modules/library/documents/library-document.php(76): Elementor\Core\Base\Document->get_content(false)
#28 /home/snorkellifts/public_html/wp-content/plugins/elementor-pro/modules/theme-builder/documents/theme-document.php(158): Elementor\Modules\Library\Documents\Library_Document->get_content(false)
#29 /home/snorkellifts/public_html/wp-content/plugins/elementor-pro/modules/theme-builder/documents/theme-document.php(173): ElementorPro\Modules\ThemeBuilder\Documents\Theme_Document->get_content()
#30 /home/snorkellifts/public_html/wp-content/plugins/elementor-pro/modules/theme-builder/documents/single-base.php(93): ElementorPro\Modules\ThemeBuilder\Documents\Theme_Document->print_content()
#31 /home/snorkellifts/public_html/wp-content/plugins/elementor-pro/modules/woocommerce/documents/product.php(133): ElementorPro\Modules\ThemeBuilder\Documents\Single_Base->print_content()
#32 /home/snorkellifts/public_html/wp-content/plugins/elementor-pro/modules/theme-builder/classes/locations-manager.php(364): ElementorPro\Modules\Woocommerce\Documents\Product->print_content()
#33 /home/snorkellifts/public_html/wp-content/plugins/elementor-pro/modules/theme-builder/classes/locations-manager.php(240): ElementorPro\Modules\ThemeBuilder\Classes\Locations_Manager->do_location('single')
#34 [internal function]: ElementorPro\Modules\ThemeBuilder\Classes\Locations_Manager->ElementorPro\Modules\ThemeBuilder\Classes\{closure}()
#35 /home/snorkellifts/public_html/wp-content/plugins/elementor/modules/page-templates/module.php(207): call_user_func(Object(Closure))
#36 /home/snorkellifts/public_html/wp-content/plugins/elementor/modules/page-templates/templates/header-footer.php(19): Elementor\Modules\PageTemplates\Module->print_content()
#37 /home/snorkellifts/public_html/wp-includes/template-loader.php(106): include('/home/snorkelli...')
#38 /home/snorkellifts/public_html/wp-blog-header.php(19): require_once('/home/snorkelli...')
#39 /home/snorkellifts/public_html/index.php(17): require('/home/snorkelli...')
#40 {main}
  thrown in /home/snorkellifts/public_html/wp-content/plugins/snorkellifts-plugin/snorkellifts-plugin.php on line 111

2024-02-14T11:10:41+00:00 CRITICAL Uncaught TypeError: in_array(): Argument #2 ($haystack) must be of type array, WP_Error given in /home/snorkellifts/public_html/wp-content/plugins/snorkellifts-plugin/snorkellifts-plugin.php:111
Stack trace:
#0 /home/snorkellifts/public_html/wp-content/plugins/snorkellifts-plugin/snorkellifts-plugin.php(111): in_array('A38E', Object(WP_Error))
#1 /home/snorkellifts/public_html/wp-includes/shortcodes.php(433): srx_snk_products_by_accessory_package(Array, '', 'srx_snk_product...')
#2 [internal function]: do_shortcode_tag(Array)
#3 /home/snorkellifts/public_html/wp-includes/shortcodes.php(273): preg_replace_callback('/\\[(\\[?)(srx_sn...', 'do_shortcode_ta...', '[srx_snk_produc...')
#4 /home/snorkellifts/public_html/wp-content/plugins/elementor/includes/widgets/shortcode.php(133): do_shortcode('[srx_snk_produc...')
#5 /home/snorkellifts/public_html/wp-content/plugins/elementor/includes/base/controls-stack.php(2297): Elementor\Widget_Shortcode->render()
#6 /home/snorkellifts/public_html/wp-content/plugins/elementor/includes/base/widget-base.php(614): Elementor\Controls_Stack->render_by_mode()
#7 /home/snorkellifts/public_html/wp-content/plugins/elementor/core/base/document.php(328): Elementor\Widget_Base->render_content()
#8 /home/snorkellifts/public_html/wp-content/plugins/elementor-pro/modules/theme-builder/documents/theme-document.php(456): Elementor\Core\Base\Document->render_element(Array)
#9 /home/snorkellifts/public_html/wp-content/plugins/elementor/includes/managers/widgets.php(459): ElementorPro\Modules\ThemeBuilder\Documents\Theme_Document->render_element(Array)
#10 [internal function]: Elementor\Widgets_Manager->ajax_render_widget(Array, Object(Elementor\Core\Common\Modules\Ajax\Module))
#11 /home/snorkellifts/public_html/wp-content/plugins/elementor/core/common/modules/ajax/module.php(176): call_user_func(Array, Array, Object(Elementor\Core\Common\Modules\Ajax\Module))
#12 /home/snorkellifts/public_html/wp-includes/class-wp-hook.php(324): Elementor\Core\Common\Modules\Ajax\Module->handle_ajax_request('')
#13 /home/snorkellifts/public_html/wp-includes/class-wp-hook.php(348): WP_Hook->apply_filters('', Array)
#14 /home/snorkellifts/public_html/wp-includes/plugin.php(517): WP_Hook->do_action(Array)
#15 /home/snorkellifts/public_html/wp-admin/admin-ajax.php(188): do_action('wp_ajax_element...')
#16 {main}
  thrown in /home/snorkellifts/public_html/wp-content/plugins/snorkellifts-plugin/snorkellifts-plugin.php on line 111

2024-02-14T11:10:43+00:00 CRITICAL Uncaught TypeError: in_array(): Argument #2 ($haystack) must be of type array, WP_Error given in /home/snorkellifts/public_html/wp-content/plugins/snorkellifts-plugin/snorkellifts-plugin.php:111
Stack trace:
#0 /home/snorkellifts/public_html/wp-content/plugins/snorkellifts-plugin/snorkellifts-plugin.php(111): in_array('A38E', Object(WP_Error))
#1 /home/snorkellifts/public_html/wp-includes/shortcodes.php(433): srx_snk_products_by_accessory_package(Array, '', 'srx_snk_product...')
#2 [internal function]: do_shortcode_tag(Array)
#3 /home/snorkellifts/public_html/wp-includes/shortcodes.php(273): preg_replace_callback('/\\[(\\[?)(srx_sn...', 'do_shortcode_ta...', '[srx_snk_produc...')
#4 /home/snorkellifts/public_html/wp-content/plugins/elementor/includes/widgets/shortcode.php(133): do_shortcode('[srx_snk_produc...')
#5 /home/snorkellifts/public_html/wp-content/plugins/elementor/includes/base/controls-stack.php(2297): Elementor\Widget_Shortcode->render()
#6 /home/snorkellifts/public_html/wp-content/plugins/elementor/includes/base/widget-base.php(614): Elementor\Controls_Stack->render_by_mode()
#7 /home/snorkellifts/public_html/wp-content/plugins/elementor/core/base/document.php(328): Elementor\Widget_Base->render_content()
#8 /home/snorkellifts/public_html/wp-content/plugins/elementor-pro/modules/theme-builder/documents/theme-document.php(456): Elementor\Core\Base\Document->render_element(Array)
#9 /home/snorkellifts/public_html/wp-content/plugins/elementor/includes/managers/widgets.php(459): ElementorPro\Modules\ThemeBuilder\Documents\Theme_Document->render_element(Array)
#10 [internal function]: Elementor\Widgets_Manager->ajax_render_widget(Array, Object(Elementor\Core\Common\Modules\Ajax\Module))
#11 /home/snorkellifts/public_html/wp-content/plugins/elementor/core/common/modules/ajax/module.php(176): call_user_func(Array, Array, Object(Elementor\Core\Common\Modules\Ajax\Module))
#12 /home/snorkellifts/public_html/wp-includes/class-wp-hook.php(324): Elementor\Core\Common\Modules\Ajax\Module->handle_ajax_request('')
#13 /home/snorkellifts/public_html/wp-includes/class-wp-hook.php(348): WP_Hook->apply_filters('', Array)
#14 /home/snorkellifts/public_html/wp-includes/plugin.php(517): WP_Hook->do_action(Array)
#15 /home/snorkellifts/public_html/wp-admin/admin-ajax.php(188): do_action('wp_ajax_element...')
#16 {main}
  thrown in /home/snorkellifts/public_html/wp-content/plugins/snorkellifts-plugin/snorkellifts-plugin.php on line 111

2024-02-14T11:11:04+00:00 CRITICAL Uncaught TypeError: in_array(): Argument #2 ($haystack) must be of type array, WP_Error given in /home/snorkellifts/public_html/wp-content/plugins/snorkellifts-plugin/snorkellifts-plugin.php:111
Stack trace:
#0 /home/snorkellifts/public_html/wp-content/plugins/snorkellifts-plugin/snorkellifts-plugin.php(111): in_array('A38E', Object(WP_Error))
#1 /home/snorkellifts/public_html/wp-includes/shortcodes.php(433): srx_snk_products_by_accessory_package(Array, '', 'srx_snk_product...')
#2 [internal function]: do_shortcode_tag(Array)
#3 /home/snorkellifts/public_html/wp-includes/shortcodes.php(273): preg_replace_callback('/\\[(\\[?)(srx_sn...', 'do_shortcode_ta...', '[srx_snk_produc...')
#4 /home/snorkellifts/public_html/wp-content/plugins/elementor/includes/widgets/shortcode.php(133): do_shortcode('[srx_snk_produc...')
#5 /home/snorkellifts/public_html/wp-content/plugins/elementor/includes/base/controls-stack.php(2297): Elementor\Widget_Shortcode->render()
#6 /home/snorkellifts/public_html/wp-content/plugins/elementor/includes/base/widget-base.php(614): Elementor\Controls_Stack->render_by_mode()
#7 /home/snorkellifts/public_html/wp-content/plugins/elementor/core/base/document.php(328): Elementor\Widget_Base->render_content()
#8 /home/snorkellifts/public_html/wp-content/plugins/elementor-pro/modules/theme-builder/documents/theme-document.php(456): Elementor\Core\Base\Document->render_element(Array)
#9 /home/snorkellifts/public_html/wp-content/plugins/elementor/includes/managers/widgets.php(459): ElementorPro\Modules\ThemeBuilder\Documents\Theme_Document->render_element(Array)
#10 [internal function]: Elementor\Widgets_Manager->ajax_render_widget(Array, Object(Elementor\Core\Common\Modules\Ajax\Module))
#11 /home/snorkellifts/public_html/wp-content/plugins/elementor/core/common/modules/ajax/module.php(176): call_user_func(Array, Array, Object(Elementor\Core\Common\Modules\Ajax\Module))
#12 /home/snorkellifts/public_html/wp-includes/class-wp-hook.php(324): Elementor\Core\Common\Modules\Ajax\Module->handle_ajax_request('')
#13 /home/snorkellifts/public_html/wp-includes/class-wp-hook.php(348): WP_Hook->apply_filters('', Array)
#14 /home/snorkellifts/public_html/wp-includes/plugin.php(517): WP_Hook->do_action(Array)
#15 /home/snorkellifts/public_html/wp-admin/admin-ajax.php(188): do_action('wp_ajax_element...')
#16 {main}
  thrown in /home/snorkellifts/public_html/wp-content/plugins/snorkellifts-plugin/snorkellifts-plugin.php on line 111

2024-02-14T11:11:08+00:00 CRITICAL Uncaught TypeError: in_array(): Argument #2 ($haystack) must be of type array, WP_Error given in /home/snorkellifts/public_html/wp-content/plugins/snorkellifts-plugin/snorkellifts-plugin.php:111
Stack trace:
#0 /home/snorkellifts/public_html/wp-content/plugins/snorkellifts-plugin/snorkellifts-plugin.php(111): in_array('A38E', Object(WP_Error))
#1 /home/snorkellifts/public_html/wp-includes/shortcodes.php(433): srx_snk_products_by_accessory_package(Array, '', 'srx_snk_product...')
#2 [internal function]: do_shortcode_tag(Array)
#3 /home/snorkellifts/public_html/wp-includes/shortcodes.php(273): preg_replace_callback('/\\[(\\[?)(srx_sn...', 'do_shortcode_ta...', '[srx_snk_produc...')
#4 /home/snorkellifts/public_html/wp-content/plugins/elementor/includes/widgets/shortcode.php(133): do_shortcode('[srx_snk_produc...')
#5 /home/snorkellifts/public_html/wp-content/plugins/elementor/includes/base/controls-stack.php(2297): Elementor\Widget_Shortcode->render()
#6 /home/snorkellifts/public_html/wp-content/plugins/elementor/includes/base/widget-base.php(614): Elementor\Controls_Stack->render_by_mode()
#7 /home/snorkellifts/public_html/wp-content/plugins/elementor/core/base/document.php(328): Elementor\Widget_Base->render_content()
#8 /home/snorkellifts/public_html/wp-content/plugins/elementor-pro/modules/theme-builder/documents/theme-document.php(456): Elementor\Core\Base\Document->render_element(Array)
#9 /home/snorkellifts/public_html/wp-content/plugins/elementor/includes/managers/widgets.php(459): ElementorPro\Modules\ThemeBuilder\Documents\Theme_Document->render_element(Array)
#10 [internal function]: Elementor\Widgets_Manager->ajax_render_widget(Array, Object(Elementor\Core\Common\Modules\Ajax\Module))
#11 /home/snorkellifts/public_html/wp-content/plugins/elementor/core/common/modules/ajax/module.php(176): call_user_func(Array, Array, Object(Elementor\Core\Common\Modules\Ajax\Module))
#12 /home/snorkellifts/public_html/wp-includes/class-wp-hook.php(324): Elementor\Core\Common\Modules\Ajax\Module->handle_ajax_request('')
#13 /home/snorkellifts/public_html/wp-includes/class-wp-hook.php(348): WP_Hook->apply_filters('', Array)
#14 /home/snorkellifts/public_html/wp-includes/plugin.php(517): WP_Hook->do_action(Array)
#15 /home/snorkellifts/public_html/wp-admin/admin-ajax.php(188): do_action('wp_ajax_element...')
#16 {main}
  thrown in /home/snorkellifts/public_html/wp-content/plugins/snorkellifts-plugin/snorkellifts-plugin.php on line 111

2024-02-14T11:11:08+00:00 CRITICAL Uncaught TypeError: in_array(): Argument #2 ($haystack) must be of type array, WP_Error given in /home/snorkellifts/public_html/wp-content/plugins/snorkellifts-plugin/snorkellifts-plugin.php:111
Stack trace:
#0 /home/snorkellifts/public_html/wp-content/plugins/snorkellifts-plugin/snorkellifts-plugin.php(111): in_array('A38E', Object(WP_Error))
#1 /home/snorkellifts/public_html/wp-includes/shortcodes.php(433): srx_snk_products_by_accessory_package(Array, '', 'srx_snk_product...')
#2 [internal function]: do_shortcode_tag(Array)
#3 /home/snorkellifts/public_html/wp-includes/shortcodes.php(273): preg_replace_callback('/\\[(\\[?)(srx_sn...', 'do_shortcode_ta...', '[srx_snk_produc...')
#4 /home/snorkellifts/public_html/wp-content/plugins/elementor/includes/widgets/shortcode.php(133): do_shortcode('[srx_snk_produc...')
#5 /home/snorkellifts/public_html/wp-content/plugins/elementor/includes/base/controls-stack.php(2297): Elementor\Widget_Shortcode->render()
#6 /home/snorkellifts/public_html/wp-content/plugins/elementor/includes/base/widget-base.php(614): Elementor\Controls_Stack->render_by_mode()
#7 /home/snorkellifts/public_html/wp-content/plugins/elementor/core/base/document.php(328): Elementor\Widget_Base->render_content()
#8 /home/snorkellifts/public_html/wp-content/plugins/elementor-pro/modules/theme-builder/documents/theme-document.php(456): Elementor\Core\Base\Document->render_element(Array)
#9 /home/snorkellifts/public_html/wp-content/plugins/elementor/includes/managers/widgets.php(459): ElementorPro\Modules\ThemeBuilder\Documents\Theme_Document->render_element(Array)
#10 [internal function]: Elementor\Widgets_Manager->ajax_render_widget(Array, Object(Elementor\Core\Common\Modules\Ajax\Module))
#11 /home/snorkellifts/public_html/wp-content/plugins/elementor/core/common/modules/ajax/module.php(176): call_user_func(Array, Array, Object(Elementor\Core\Common\Modules\Ajax\Module))
#12 /home/snorkellifts/public_html/wp-includes/class-wp-hook.php(324): Elementor\Core\Common\Modules\Ajax\Module->handle_ajax_request('')
#13 /home/snorkellifts/public_html/wp-includes/class-wp-hook.php(348): WP_Hook->apply_filters('', Array)
#14 /home/snorkellifts/public_html/wp-includes/plugin.php(517): WP_Hook->do_action(Array)
#15 /home/snorkellifts/public_html/wp-admin/admin-ajax.php(188): do_action('wp_ajax_element...')
#16 {main}
  thrown in /home/snorkellifts/public_html/wp-content/plugins/snorkellifts-plugin/snorkellifts-plugin.php on line 111

2024-02-14T11:11:11+00:00 CRITICAL Uncaught TypeError: in_array(): Argument #2 ($haystack) must be of type array, WP_Error given in /home/snorkellifts/public_html/wp-content/plugins/snorkellifts-plugin/snorkellifts-plugin.php:111
Stack trace:
#0 /home/snorkellifts/public_html/wp-content/plugins/snorkellifts-plugin/snorkellifts-plugin.php(111): in_array('A38E', Object(WP_Error))
#1 /home/snorkellifts/public_html/wp-includes/shortcodes.php(433): srx_snk_products_by_accessory_package(Array, '', 'srx_snk_product...')
#2 [internal function]: do_shortcode_tag(Array)
#3 /home/snorkellifts/public_html/wp-includes/shortcodes.php(273): preg_replace_callback('/\\[(\\[?)(srx_sn...', 'do_shortcode_ta...', '[srx_snk_produc...')
#4 /home/snorkellifts/public_html/wp-content/plugins/elementor/includes/widgets/shortcode.php(133): do_shortcode('[srx_snk_produc...')
#5 /home/snorkellifts/public_html/wp-content/plugins/elementor/includes/base/controls-stack.php(2297): Elementor\Widget_Shortcode->render()
#6 /home/snorkellifts/public_html/wp-content/plugins/elementor/includes/base/widget-base.php(614): Elementor\Controls_Stack->render_by_mode()
#7 /home/snorkellifts/public_html/wp-content/plugins/elementor/core/base/document.php(328): Elementor\Widget_Base->render_content()
#8 /home/snorkellifts/public_html/wp-content/plugins/elementor-pro/modules/theme-builder/documents/theme-document.php(456): Elementor\Core\Base\Document->render_element(Array)
#9 /home/snorkellifts/public_html/wp-content/plugins/elementor/includes/managers/widgets.php(459): ElementorPro\Modules\ThemeBuilder\Documents\Theme_Document->render_element(Array)
#10 [internal function]: Elementor\Widgets_Manager->ajax_render_widget(Array, Object(Elementor\Core\Common\Modules\Ajax\Module))
#11 /home/snorkellifts/public_html/wp-content/plugins/elementor/core/common/modules/ajax/module.php(176): call_user_func(Array, Array, Object(Elementor\Core\Common\Modules\Ajax\Module))
#12 /home/snorkellifts/public_html/wp-includes/class-wp-hook.php(324): Elementor\Core\Common\Modules\Ajax\Module->handle_ajax_request('')
#13 /home/snorkellifts/public_html/wp-includes/class-wp-hook.php(348): WP_Hook->apply_filters('', Array)
#14 /home/snorkellifts/public_html/wp-includes/plugin.php(517): WP_Hook->do_action(Array)
#15 /home/snorkellifts/public_html/wp-admin/admin-ajax.php(188): do_action('wp_ajax_element...')
#16 {main}
  thrown in /home/snorkellifts/public_html/wp-content/plugins/snorkellifts-plugin/snorkellifts-plugin.php on line 111

2024-02-14T11:11:12+00:00 CRITICAL Uncaught TypeError: in_array(): Argument #2 ($haystack) must be of type array, WP_Error given in /home/snorkellifts/public_html/wp-content/plugins/snorkellifts-plugin/snorkellifts-plugin.php:111
Stack trace:
#0 /home/snorkellifts/public_html/wp-content/plugins/snorkellifts-plugin/snorkellifts-plugin.php(111): in_array('A38E', Object(WP_Error))
#1 /home/snorkellifts/public_html/wp-includes/shortcodes.php(433): srx_snk_products_by_accessory_package(Array, '', 'srx_snk_product...')
#2 [internal function]: do_shortcode_tag(Array)
#3 /home/snorkellifts/public_html/wp-includes/shortcodes.php(273): preg_replace_callback('/\\[(\\[?)(srx_sn...', 'do_shortcode_ta...', '[srx_snk_produc...')
#4 /home/snorkellifts/public_html/wp-content/plugins/elementor/includes/widgets/shortcode.php(133): do_shortcode('[srx_snk_produc...')
#5 /home/snorkellifts/public_html/wp-content/plugins/elementor/includes/base/controls-stack.php(2297): Elementor\Widget_Shortcode->render()
#6 /home/snorkellifts/public_html/wp-content/plugins/elementor/includes/base/widget-base.php(614): Elementor\Controls_Stack->render_by_mode()
#7 /home/snorkellifts/public_html/wp-content/plugins/elementor/core/base/document.php(328): Elementor\Widget_Base->render_content()
#8 /home/snorkellifts/public_html/wp-content/plugins/elementor-pro/modules/theme-builder/documents/theme-document.php(456): Elementor\Core\Base\Document->render_element(Array)
#9 /home/snorkellifts/public_html/wp-content/plugins/elementor/includes/managers/widgets.php(459): ElementorPro\Modules\ThemeBuilder\Documents\Theme_Document->render_element(Array)
#10 [internal function]: Elementor\Widgets_Manager->ajax_render_widget(Array, Object(Elementor\Core\Common\Modules\Ajax\Module))
#11 /home/snorkellifts/public_html/wp-content/plugins/elementor/core/common/modules/ajax/module.php(176): call_user_func(Array, Array, Object(Elementor\Core\Common\Modules\Ajax\Module))
#12 /home/snorkellifts/public_html/wp-includes/class-wp-hook.php(324): Elementor\Core\Common\Modules\Ajax\Module->handle_ajax_request('')
#13 /home/snorkellifts/public_html/wp-includes/class-wp-hook.php(348): WP_Hook->apply_filters('', Array)
#14 /home/snorkellifts/public_html/wp-includes/plugin.php(517): WP_Hook->do_action(Array)
#15 /home/snorkellifts/public_html/wp-admin/admin-ajax.php(188): do_action('wp_ajax_element...')
#16 {main}
  thrown in /home/snorkellifts/public_html/wp-content/plugins/snorkellifts-plugin/snorkellifts-plugin.php on line 111

2024-02-14T11:15:35+00:00 CRITICAL Uncaught TypeError: in_array(): Argument #2 ($haystack) must be of type array, WP_Error given in /home/snorkellifts/public_html/wp-content/plugins/snorkellifts-plugin/snorkellifts-plugin.php:111
Stack trace:
#0 /home/snorkellifts/public_html/wp-content/plugins/snorkellifts-plugin/snorkellifts-plugin.php(111): in_array('A38E', Object(WP_Error))
#1 /home/snorkellifts/public_html/wp-includes/shortcodes.php(433): srx_snk_products_by_accessory_package(Array, '', 'srx_snk_product...')
#2 [internal function]: do_shortcode_tag(Array)
#3 /home/snorkellifts/public_html/wp-includes/shortcodes.php(273): preg_replace_callback('/\\[(\\[?)(srx_sn...', 'do_shortcode_ta...', '[srx_snk_produc...')
#4 /home/snorkellifts/public_html/wp-content/plugins/elementor/includes/widgets/shortcode.php(133): do_shortcode('[srx_snk_produc...')
#5 /home/snorkellifts/public_html/wp-content/plugins/elementor/includes/base/controls-stack.php(2297): Elementor\Widget_Shortcode->render()
#6 /home/snorkellifts/public_html/wp-content/plugins/elementor/includes/base/widget-base.php(614): Elementor\Controls_Stack->render_by_mode()
#7 /home/snorkellifts/public_html/wp-content/plugins/elementor/core/base/document.php(328): Elementor\Widget_Base->render_content()
#8 /home/snorkellifts/public_html/wp-content/plugins/elementor-pro/modules/theme-builder/documents/theme-document.php(456): Elementor\Core\Base\Document->render_element(Array)
#9 /home/snorkellifts/public_html/wp-content/plugins/elementor/includes/managers/widgets.php(459): ElementorPro\Modules\ThemeBuilder\Documents\Theme_Document->render_element(Array)
#10 [internal function]: Elementor\Widgets_Manager->ajax_render_widget(Array, Object(Elementor\Core\Common\Modules\Ajax\Module))
#11 /home/snorkellifts/public_html/wp-content/plugins/elementor/core/common/modules/ajax/module.php(176): call_user_func(Array, Array, Object(Elementor\Core\Common\Modules\Ajax\Module))
#12 /home/snorkellifts/public_html/wp-includes/class-wp-hook.php(324): Elementor\Core\Common\Modules\Ajax\Module->handle_ajax_request('')
#13 /home/snorkellifts/public_html/wp-includes/class-wp-hook.php(348): WP_Hook->apply_filters('', Array)
#14 /home/snorkellifts/public_html/wp-includes/plugin.php(517): WP_Hook->do_action(Array)
#15 /home/snorkellifts/public_html/wp-admin/admin-ajax.php(188): do_action('wp_ajax_element...')
#16 {main}
  thrown in /home/snorkellifts/public_html/wp-content/plugins/snorkellifts-plugin/snorkellifts-plugin.php on line 111

2024-02-14T11:15:38+00:00 CRITICAL Uncaught TypeError: in_array(): Argument #2 ($haystack) must be of type array, WP_Error given in /home/snorkellifts/public_html/wp-content/plugins/snorkellifts-plugin/snorkellifts-plugin.php:111
Stack trace:
#0 /home/snorkellifts/public_html/wp-content/plugins/snorkellifts-plugin/snorkellifts-plugin.php(111): in_array('A38E', Object(WP_Error))
#1 /home/snorkellifts/public_html/wp-includes/shortcodes.php(433): srx_snk_products_by_accessory_package(Array, '', 'srx_snk_product...')
#2 [internal function]: do_shortcode_tag(Array)
#3 /home/snorkellifts/public_html/wp-includes/shortcodes.php(273): preg_replace_callback('/\\[(\\[?)(srx_sn...', 'do_shortcode_ta...', '[srx_snk_produc...')
#4 /home/snorkellifts/public_html/wp-content/plugins/elementor/includes/widgets/shortcode.php(133): do_shortcode('[srx_snk_produc...')
#5 /home/snorkellifts/public_html/wp-content/plugins/elementor/includes/base/controls-stack.php(2297): Elementor\Widget_Shortcode->render()
#6 /home/snorkellifts/public_html/wp-content/plugins/elementor/includes/base/widget-base.php(614): Elementor\Controls_Stack->render_by_mode()
#7 /home/snorkellifts/public_html/wp-content/plugins/elementor/includes/base/widget-base.php(755): Elementor\Widget_Base->render_content()
#8 /home/snorkellifts/public_html/wp-content/plugins/elementor/includes/base/element-base.php(464): Elementor\Widget_Base->print_content()
#9 /home/snorkellifts/public_html/wp-content/plugins/elementor/includes/base/element-base.php(1372): Elementor\Element_Base->print_element()
#10 /home/snorkellifts/public_html/wp-content/plugins/elementor/includes/base/element-base.php(464): Elementor\Element_Base->print_content()
#11 /home/snorkellifts/public_html/wp-content/plugins/elementor/includes/base/element-base.php(1372): Elementor\Element_Base->print_element()
#12 /home/snorkellifts/public_html/wp-content/plugins/elementor/includes/base/element-base.php(464): Elementor\Element_Base->print_content()
#13 /home/snorkellifts/public_html/wp-content/plugins/elementor/modules/nested-accordion/widgets/nested-accordion.php(887): Elementor\Element_Base->print_element()
#14 /home/snorkellifts/public_html/wp-content/plugins/elementor/modules/nested-accordion/widgets/nested-accordion.php(827): Elementor\Modules\NestedAccordion\Widgets\Nested_Accordion->print_child(5, 'assessories')
#15 /home/snorkellifts/public_html/wp-content/plugins/elementor/includes/base/controls-stack.php(2297): Elementor\Modules\NestedAccordion\Widgets\Nested_Accordion->render()
#16 /home/snorkellifts/public_html/wp-content/plugins/elementor/includes/base/widget-base.php(614): Elementor\Controls_Stack->render_by_mode()
#17 /home/snorkellifts/public_html/wp-content/plugins/elementor/includes/base/widget-base.php(678): Elementor\Widget_Base->render_content()
#18 /home/snorkellifts/public_html/wp-content/plugins/elementor/includes/db.php(202): Elementor\Widget_Base->render_plain_content()
#19 /home/snorkellifts/public_html/wp-content/plugins/elementor/includes/db.php(208): Elementor\DB->render_element_plain_content(Array)
#20 /home/snorkellifts/public_html/wp-content/plugins/elementor/includes/db.php(208): Elementor\DB->render_element_plain_content(Array)
#21 /home/snorkellifts/public_html/wp-content/plugins/elementor/includes/db.php(558): Elementor\DB->render_element_plain_content(Array)
#22 /home/snorkellifts/public_html/wp-content/plugins/elementor/includes/db.php(539): Elementor\DB->get_plain_text_from_data(Array)
#23 /home/snorkellifts/public_html/wp-content/plugins/elementor/includes/db.php(230): Elementor\DB->get_plain_text(10804)
#24 /home/snorkellifts/public_html/wp-content/plugins/elementor/core/base/document.php(1301): Elementor\DB->save_plain_text(10804)
#25 /home/snorkellifts/public_html/wp-content/plugins/elementor/core/base/document.php(797): Elementor\Core\Base\Document->save_elements(Array)
#26 /home/snorkellifts/public_html/wp-content/plugins/elementor/core/documents-manager.php(545): Elementor\Core\Base\Document->save(Array)
#27 [internal function]: Elementor\Core\Documents_Manager->ajax_save(Array, Object(Elementor\Core\Common\Modules\Ajax\Module))
#28 /home/snorkellifts/public_html/wp-content/plugins/elementor/core/common/modules/ajax/module.php(176): call_user_func(Array, Array, Object(Elementor\Core\Common\Modules\Ajax\Module))
#29 /home/snorkellifts/public_html/wp-includes/class-wp-hook.php(324): Elementor\Core\Common\Modules\Ajax\Module->handle_ajax_request('')
#30 /home/snorkellifts/public_html/wp-includes/class-wp-hook.php(348): WP_Hook->apply_filters('', Array)
#31 /home/snorkellifts/public_html/wp-includes/plugin.php(517): WP_Hook->do_action(Array)
#32 /home/snorkellifts/public_html/wp-admin/admin-ajax.php(188): do_action('wp_ajax_element...')
#33 {main}
  thrown in /home/snorkellifts/public_html/wp-content/plugins/snorkellifts-plugin/snorkellifts-plugin.php on line 111

2024-02-14T11:15:45+00:00 CRITICAL Uncaught TypeError: in_array(): Argument #2 ($haystack) must be of type array, WP_Error given in /home/snorkellifts/public_html/wp-content/plugins/snorkellifts-plugin/snorkellifts-plugin.php:111
Stack trace:
#0 /home/snorkellifts/public_html/wp-content/plugins/snorkellifts-plugin/snorkellifts-plugin.php(111): in_array('A46JRT', Object(WP_Error))
#1 /home/snorkellifts/public_html/wp-includes/shortcodes.php(433): srx_snk_products_by_accessory_package(Array, '', 'srx_snk_product...')
#2 [internal function]: do_shortcode_tag(Array)
#3 /home/snorkellifts/public_html/wp-includes/shortcodes.php(273): preg_replace_callback('/\\[(\\[?)(srx_sn...', 'do_shortcode_ta...', '[srx_snk_produc...')
#4 /home/snorkellifts/public_html/wp-content/plugins/elementor/includes/widgets/shortcode.php(133): do_shortcode('[srx_snk_produc...')
#5 /home/snorkellifts/public_html/wp-content/plugins/elementor/includes/base/controls-stack.php(2297): Elementor\Widget_Shortcode->render()
#6 /home/snorkellifts/public_html/wp-content/plugins/elementor/includes/base/widget-base.php(614): Elementor\Controls_Stack->render_by_mode()
#7 /home/snorkellifts/public_html/wp-content/plugins/elementor/includes/base/widget-base.php(755): Elementor\Widget_Base->render_content()
#8 /home/snorkellifts/public_html/wp-content/plugins/elementor/includes/base/element-base.php(464): Elementor\Widget_Base->print_content()
#9 /home/snorkellifts/public_html/wp-content/plugins/elementor/includes/base/element-base.php(1372): Elementor\Element_Base->print_element()
#10 /home/snorkellifts/public_html/wp-content/plugins/elementor/includes/base/element-base.php(464): Elementor\Element_Base->print_content()
#11 /home/snorkellifts/public_html/wp-content/plugins/elementor/includes/base/element-base.php(1372): Elementor\Element_Base->print_element()
#12 /home/snorkellifts/public_html/wp-content/plugins/elementor/includes/base/element-base.php(464): Elementor\Element_Base->print_content()
#13 /home/snorkellifts/public_html/wp-content/plugins/elementor/modules/nested-accordion/widgets/nested-accordion.php(887): Elementor\Element_Base->print_element()
#14 /home/snorkellifts/public_html/wp-content/plugins/elementor/modules/nested-accordion/widgets/nested-accordion.php(827): Elementor\Modules\NestedAccordion\Widgets\Nested_Accordion->print_child(5, 'assessories')
#15 /home/snorkellifts/public_html/wp-content/plugins/elementor/includes/base/controls-stack.php(2297): Elementor\Modules\NestedAccordion\Widgets\Nested_Accordion->render()
#16 /home/snorkellifts/public_html/wp-content/plugins/elementor/includes/base/widget-base.php(614): Elementor\Controls_Stack->render_by_mode()
#17 /home/snorkellifts/public_html/wp-content/plugins/elementor/includes/base/widget-base.php(755): Elementor\Widget_Base->render_content()
#18 /home/snorkellifts/public_html/wp-content/plugins/elementor/includes/base/element-base.php(464): Elementor\Widget_Base->print_content()
#19 /home/snorkellifts/public_html/wp-content/plugins/elementor/includes/base/element-base.php(1372): Elementor\Element_Base->print_element()
#20 /home/snorkellifts/public_html/wp-content/plugins/elementor/includes/base/element-base.php(464): Elementor\Element_Base->print_content()
#21 /home/snorkellifts/public_html/wp-content/plugins/elementor/includes/base/element-base.php(1372): Elementor\Element_Base->print_element()
#22 /home/snorkellifts/public_html/wp-content/plugins/elementor/includes/base/element-base.php(464): Elementor\Element_Base->print_content()
#23 /home/snorkellifts/public_html/wp-content/plugins/elementor/core/base/document.php(1740): Elementor\Element_Base->print_element()
#24 /home/snorkellifts/public_html/wp-content/plugins/elementor-pro/modules/theme-builder/documents/theme-document.php(418): Elementor\Core\Base\Document->print_elements(Array)
#25 /home/snorkellifts/public_html/wp-content/plugins/elementor/includes/frontend.php(1165): ElementorPro\Modules\ThemeBuilder\Documents\Theme_Document->print_elements_with_wrapper(Array)
#26 /home/snorkellifts/public_html/wp-content/plugins/elementor/core/base/document.php(1184): Elementor\Frontend->get_builder_content(10804, false)
#27 /home/snorkellifts/public_html/wp-content/plugins/elementor/modules/library/documents/library-document.php(76): Elementor\Core\Base\Document->get_content(false)
#28 /home/snorkellifts/public_html/wp-content/plugins/elementor-pro/modules/theme-builder/documents/theme-document.php(158): Elementor\Modules\Library\Documents\Library_Document->get_content(false)
#29 /home/snorkellifts/public_html/wp-content/plugins/elementor-pro/modules/theme-builder/documents/theme-document.php(173): ElementorPro\Modules\ThemeBuilder\Documents\Theme_Document->get_content()
#30 /home/snorkellifts/public_html/wp-content/plugins/elementor-pro/modules/theme-builder/documents/single-base.php(93): ElementorPro\Modules\ThemeBuilder\Documents\Theme_Document->print_content()
#31 /home/snorkellifts/public_html/wp-content/plugins/elementor-pro/modules/woocommerce/documents/product.php(133): ElementorPro\Modules\ThemeBuilder\Documents\Single_Base->print_content()
#32 /home/snorkellifts/public_html/wp-content/plugins/elementor-pro/modules/theme-builder/classes/locations-manager.php(364): ElementorPro\Modules\Woocommerce\Documents\Product->print_content()
#33 /home/snorkellifts/public_html/wp-content/plugins/elementor-pro/modules/theme-builder/classes/locations-manager.php(240): ElementorPro\Modules\ThemeBuilder\Classes\Locations_Manager->do_location('single')
#34 [internal function]: ElementorPro\Modules\ThemeBuilder\Classes\Locations_Manager->ElementorPro\Modules\ThemeBuilder\Classes\{closure}()
#35 /home/snorkellifts/public_html/wp-content/plugins/elementor/modules/page-templates/module.php(207): call_user_func(Object(Closure))
#36 /home/snorkellifts/public_html/wp-content/plugins/elementor/modules/page-templates/templates/header-footer.php(19): Elementor\Modules\PageTemplates\Module->print_content()
#37 /home/snorkellifts/public_html/wp-includes/template-loader.php(106): include('/home/snorkelli...')
#38 /home/snorkellifts/public_html/wp-blog-header.php(19): require_once('/home/snorkelli...')
#39 /home/snorkellifts/public_html/index.php(17): require('/home/snorkelli...')
#40 {main}
  thrown in /home/snorkellifts/public_html/wp-content/plugins/snorkellifts-plugin/snorkellifts-plugin.php on line 111

